<?xml version="1.0" encoding="UTF-8"?>
<!-- Generated by org.testng.reporters.JUnitReportReporter -->
<testsuite hostname="DESKTOP-I3LT8FQ" failures="0" tests="1" name="Test_Cases.TC004" time="10.893" errors="0" timestamp="2022-11-10T10:46:37 IST" skipped="0">
  <testcase classname="Test_Cases.TC004" name="chandu" time="10.893"/>
  <system-out/>
</testsuite> <!-- Test_Cases.TC004 -->
