<?xml version="1.0" encoding="UTF-8"?>
<!-- Generated by org.testng.reporters.JUnitReportReporter -->
<testsuite hostname="DESKTOP-I3LT8FQ" failures="0" tests="1" name="Test_Cases.TC002" time="3.745" errors="0" timestamp="2022-11-10T10:46:37 IST" skipped="0">
  <testcase classname="Test_Cases.TC002" name="chandu" time="3.745"/>
  <system-out/>
</testsuite> <!-- Test_Cases.TC002 -->
